[debug] [2024-06-11T09:03:01.917Z] ----------------------------------------------------------------------
[debug] [2024-06-11T09:03:01.920Z] Command:       C:\Program Files\nodejs\node.exe C:\Users\adlene\AppData\Roaming\npm\node_modules\firebase-tools\lib\bin\firebase.js deploy
[debug] [2024-06-11T09:03:01.921Z] CLI Version:   11.8.0
[debug] [2024-06-11T09:03:01.921Z] Platform:      win32
[debug] [2024-06-11T09:03:01.921Z] Node Version:  v20.10.0
[debug] [2024-06-11T09:03:01.921Z] Time:          Tue Jun 11 2024 10:03:01 GMT+0100 (British Summer Time)
[debug] [2024-06-11T09:03:01.921Z] ----------------------------------------------------------------------
[debug] 
[debug] [2024-06-11T09:03:01.928Z] >>> [apiv2][query] GET https://firebase-public.firebaseio.com/cli.json [none]
[debug] [2024-06-11T09:03:02.056Z] > command requires scopes: ["email","openid","https://www.googleapis.com/auth/cloudplatformprojects.readonly","https://www.googleapis.com/auth/firebase","https://www.googleapis.com/auth/cloud-platform"]
[debug] [2024-06-11T09:03:02.057Z] > authorizing via signed-in user (adlafeliachi@gmail.com)
[debug] [2024-06-11T09:03:02.057Z] [iam] checking project myportfolio-adlene for permissions ["firebase.projects.get","firebasehosting.sites.update"]
[debug] [2024-06-11T09:03:02.058Z] > refreshing access token with scopes: []
[debug] [2024-06-11T09:03:02.059Z] >>> [apiv2][query] POST https://www.googleapis.com/oauth2/v3/token [none]
[debug] [2024-06-11T09:03:02.063Z] >>> [apiv2][body] POST https://www.googleapis.com/oauth2/v3/token [omitted]
[debug] [2024-06-11T09:03:02.400Z] <<< [apiv2][status] GET https://firebase-public.firebaseio.com/cli.json 200
[debug] [2024-06-11T09:03:02.401Z] <<< [apiv2][body] GET https://firebase-public.firebaseio.com/cli.json {"cloudBuildErrorAfter":1594252800000,"cloudBuildWarnAfter":1590019200000,"defaultNode10After":1594252800000,"minVersion":"3.0.5","node8DeploysDisabledAfter":1613390400000,"node8RuntimeDisabledAfter":1615809600000,"node8WarnAfter":1600128000000}
[debug] [2024-06-11T09:03:23.790Z] [iam] error while checking permissions, command may fail: FirebaseError: Authentication Error: Your credentials are no longer valid. Please run firebase login --reauth

For CI servers and headless environments, generate a new token with firebase login:ci
[debug] [2024-06-11T09:03:23.791Z] > refreshing access token with scopes: []
[debug] [2024-06-11T09:03:23.791Z] >>> [apiv2][query] POST https://www.googleapis.com/oauth2/v3/token [none]
[debug] [2024-06-11T09:03:23.791Z] >>> [apiv2][body] POST https://www.googleapis.com/oauth2/v3/token [omitted]
[debug] [2024-06-11T09:03:34.322Z] Authentication Error: Your credentials are no longer valid. Please run firebase login --reauth

For CI servers and headless environments, generate a new token with firebase login:ci
[debug] [2024-06-11T09:03:39.348Z] Error: Timed out.
    at Timeout._onTimeout (C:\Users\adlene\AppData\Roaming\npm\node_modules\firebase-tools\lib\utils.js:253:49)
    at listOnTimeout (node:internal/timers:573:17)
    at process.processTimers (node:internal/timers:514:7)
[error] 
[error] Error: An unexpected error has occurred.
